<?xml version="1.0" encoding="UTF-8"?>
<!-- Generated by org.testng.reporters.JUnitXMLReporter -->
<testsuite hostname="elxadk0mqf2" ignored="0" name="Test" tests="2" failures="1" timestamp="10 Dec 2017 18:34:30 GMT" time="0.08" errors="0">
  <testcase name="testPrintMessage" time="0.013" classname="corleone.basic.TestNGExample"/>
  <testcase name="testSalutationMessage" time="0.004" classname="corleone.basic.TestNGExample">
    <failure type="java.lang.AssertionError" message="expected [Hello World!] but found [Hi!Hello World!]">
      <![CDATA[java.lang.AssertionError: expected [Hello World!] but found [Hi!Hello World!]at corleone.basic.TestNGExample.testSalutationMessage(TestNGExample.java:20)... Removed 31 stack frames]]>
    </failure>
  </testcase> <!-- testSalutationMessage -->
</testsuite> <!-- Test -->
