<?xml version="1.0" encoding="UTF-8"?>
<!-- Generated by org.testng.reporters.JUnitXMLReporter -->
<testsuite hostname="elxadk0mqf2" ignored="2" tests="0" failures="0" timestamp="16 Mar 2018 16:01:49 GMT" time="0.001" errors="0">
  <testcase name="processVMArguments" time="0.0" classname="corleone.test.TestBasicFunction">
    <ignored/>
  </testcase> <!-- processVMArguments -->
  <testcase name="processDateTimes" time="0.0" classname="corleone.test.TestBasicFunction">
    <ignored/>
  </testcase> <!-- processDateTimes -->
</testsuite>
