<?xml version="1.0" encoding="UTF-8"?>
<!-- Generated by org.testng.reporters.JUnitXMLReporter -->
<testsuite hostname="elxadk0mqf2" ignored="4" tests="0" failures="0" timestamp="16 Mar 2018 16:01:49 GMT" time="0.007" errors="0">
  <testcase name="testNonStaticInnerClass" time="0.0" classname="corleone.test.TestClass">
    <ignored/>
  </testcase> <!-- testNonStaticInnerClass -->
  <testcase name="testSuperClass" time="0.0" classname="corleone.test.TestClass">
    <ignored/>
  </testcase> <!-- testSuperClass -->
  <testcase name="testAnonymousClass" time="0.0" classname="corleone.test.TestClass">
    <ignored/>
  </testcase> <!-- testAnonymousClass -->
  <testcase name="testStaticInnerClass" time="0.0" classname="corleone.test.TestClass">
    <ignored/>
  </testcase> <!-- testStaticInnerClass -->
</testsuite>
