<?xml version="1.0" encoding="UTF-8"?>
<testng-results skipped="0" failed="0" ignored="8" total="10" passed="2">
  <reporter-output>
  </reporter-output>
  <suite name="BasicFunctionSuite" duration-ms="73" started-at="2018-03-16T16:01:49Z" finished-at="2018-03-16T16:01:49Z">
    <groups>
    </groups>
    <test name="TestClass" duration-ms="7" started-at="2018-03-16T16:01:49Z" finished-at="2018-03-16T16:01:49Z">
    </test> <!-- TestClass -->
    <test name="TestBasicFunction" duration-ms="1" started-at="2018-03-16T16:01:49Z" finished-at="2018-03-16T16:01:49Z">
    </test> <!-- TestBasicFunction -->
    <test name="TestCollections" duration-ms="1" started-at="2018-03-16T16:01:49Z" finished-at="2018-03-16T16:01:49Z">
    </test> <!-- TestCollections -->
    <test name="TestString" duration-ms="21" started-at="2018-03-16T16:01:49Z" finished-at="2018-03-16T16:01:49Z">
      <class name="corleone.test.TestString">
        <test-method status="PASS" signature="setUp()[pri:0, instance:corleone.test.TestString@66a3ffec]" name="setUp" is-config="true" duration-ms="0" started-at="2018-03-16T17:01:49Z" finished-at="2018-03-16T17:01:49Z">
          <reporter-output>
          </reporter-output>
        </test-method> <!-- setUp -->
        <test-method status="PASS" signature="testStringBuiler()[pri:0, instance:corleone.test.TestString@66a3ffec]" name="testStringBuiler" duration-ms="6" started-at="2018-03-16T17:01:49Z" finished-at="2018-03-16T17:01:49Z">
          <reporter-output>
          </reporter-output>
        </test-method> <!-- testStringBuiler -->
      </class> <!-- corleone.test.TestString -->
    </test> <!-- TestString -->
    <test name="TestJAXB" duration-ms="4" started-at="2018-03-16T16:01:49Z" finished-at="2018-03-16T16:01:49Z">
      <class name="corleone.test.TestXML">
        <test-method status="PASS" signature="initTestCase()[pri:0, instance:corleone.test.TestXML@91161c7]" name="initTestCase" is-config="true" duration-ms="10" started-at="2018-03-16T17:01:49Z" finished-at="2018-03-16T17:01:49Z">
          <reporter-output>
          </reporter-output>
        </test-method> <!-- initTestCase -->
        <test-method status="PASS" signature="marshalling()[pri:0, instance:corleone.test.TestXML@91161c7]" name="marshalling" duration-ms="1" started-at="2018-03-16T17:01:49Z" finished-at="2018-03-16T17:01:49Z">
          <reporter-output>
          </reporter-output>
        </test-method> <!-- marshalling -->
        <test-method status="PASS" signature="setUp()[pri:0, instance:corleone.test.TestXML@91161c7]" name="setUp" is-config="true" duration-ms="0" started-at="2018-03-16T17:01:49Z" finished-at="2018-03-16T17:01:49Z">
          <reporter-output>
          </reporter-output>
        </test-method> <!-- setUp -->
        <test-method status="PASS" signature="cleanTestCase()[pri:0, instance:corleone.test.TestXML@91161c7]" name="cleanTestCase" is-config="true" duration-ms="1" started-at="2018-03-16T17:01:49Z" finished-at="2018-03-16T17:01:49Z">
          <reporter-output>
          </reporter-output>
        </test-method> <!-- cleanTestCase -->
      </class> <!-- corleone.test.TestXML -->
    </test> <!-- TestJAXB -->
  </suite> <!-- BasicFunctionSuite -->
</testng-results>
